<?xml version="1.0" encoding="UTF-8"?>
<testsuite name="MainPackage.ItemTest" tests="1" skipped="0" failures="0" errors="0" timestamp="2021-11-21T08:21:57" hostname="DESKTOP-03MLBTC" time="0.0">
  <properties/>
  <testcase name="checkSerialNumberFormat()" classname="MainPackage.ItemTest" time="0.0"/>
  <system-out><![CDATA[]]></system-out>
  <system-err><![CDATA[]]></system-err>
</testsuite>
