<?xml version="1.0" encoding="UTF-8"?>
<testsuite name="MainPackage.InventoryManagerTest" tests="6" skipped="0" failures="0" errors="0" timestamp="2021-11-21T08:34:06" hostname="DESKTOP-03MLBTC" time="0.062">
  <properties/>
  <testcase name="writeToJSONFile()" classname="MainPackage.InventoryManagerTest" time="0.046"/>
  <testcase name="writeToTSVFile()" classname="MainPackage.InventoryManagerTest" time="0.001"/>
  <testcase name="writeToHTMLFile()" classname="MainPackage.InventoryManagerTest" time="0.004"/>
  <testcase name="loadFromJSONFile()" classname="MainPackage.InventoryManagerTest" time="0.003"/>
  <testcase name="loadFromTSVFile()" classname="MainPackage.InventoryManagerTest" time="0.003"/>
  <testcase name="loadFromHTMLFile()" classname="MainPackage.InventoryManagerTest" time="0.002"/>
  <system-out><![CDATA[]]></system-out>
  <system-err><![CDATA[]]></system-err>
</testsuite>
