<?xml version="1.0" encoding="UTF-8"?>
<testsuite name="MainPackage.InventoryTest" tests="3" skipped="0" failures="0" errors="0" timestamp="2021-11-21T08:21:57" hostname="DESKTOP-03MLBTC" time="0.002">
  <properties/>
  <testcase name="checkUniqueSerialNumbers()" classname="MainPackage.InventoryTest" time="0.001"/>
  <testcase name="removeAllItems()" classname="MainPackage.InventoryTest" time="0.0"/>
  <testcase name="editItem()" classname="MainPackage.InventoryTest" time="0.0"/>
  <system-out><![CDATA[]]></system-out>
  <system-err><![CDATA[]]></system-err>
</testsuite>
